<?xml version="1.0" encoding="UTF-8"?>
<!-- Generated by org.testng.reporters.JUnitReportReporter -->
<testsuite hostname="JAVA" name="SeleniumTestCases.RcDemo" tests="1" failures="0" timestamp="15 Sep 2014 12:17:01 GMT" time="14.490" errors="0">
  <testcase name="testCase" time="14.490" classname="SeleniumTestCases.RcDemo"/>
</testsuite> <!-- SeleniumTestCases.RcDemo -->
